<?xml version="1.0" encoding="UTF-8"?>
<!-- Generated by org.testng.reporters.JUnitReportReporter -->
<testsuite skipped="0" hostname="DESKTOP-RE94BUN" name="com.practice.XlRecap" tests="1" failures="0" timestamp="2020-01-23T21:59:21 EST" time="1.465" errors="0">
  <testcase name="read" time="1.465" classname="com.practice.XlRecap"/>
</testsuite> <!-- com.practice.XlRecap -->
