<?xml version="1.0" encoding="UTF-8"?>
<!-- Generated by org.testng.reporters.JUnitReportReporter -->
<testsuite skipped="0" hostname="DESKTOP-RE94BUN" name="com.testcases.LoginPageTest" tests="2" failures="0" timestamp="2020-01-19T11:49:30 EST" time="27.804" errors="0">
  <testcase name="login" time="15.678" classname="com.testcases.LoginPageTest"/>
  <testcase name="negativeLogin" time="12.126" classname="com.testcases.LoginPageTest"/>
</testsuite> <!-- com.testcases.LoginPageTest -->
