<?xml version="1.0" encoding="UTF-8"?>
<!-- Generated by org.testng.reporters.JUnitReportReporter -->
<testsuite skipped="0" hostname="DESKTOP-RE94BUN" name="com.practice.XLReading" tests="1" failures="0" timestamp="2020-01-23T22:03:22 EST" time="0.499" errors="0">
  <testcase name="read" time="0.499" classname="com.practice.XLReading"/>
</testsuite> <!-- com.practice.XLReading -->
