<?xml version="1.0" encoding="UTF-8"?>
<!-- Generated by org.testng.reporters.JUnitReportReporter -->
<testsuite skipped="0" hostname="DESKTOP-RE94BUN" name="com.testcases.AddEmplyeeTest" tests="1" failures="0" timestamp="2020-01-19T13:34:15 EST" time="36.415" errors="0">
  <testcase name="addemployeevalidation" time="36.415" classname="com.testcases.AddEmplyeeTest"/>
</testsuite> <!-- com.testcases.AddEmplyeeTest -->
